<?xml version="1.0" encoding="UTF-8"?>
<testng-results skipped="0" failed="0" ignored="0" total="1" passed="1">
  <reporter-output>
  </reporter-output>
  <suite name="Suite" duration-ms="128170" started-at="2020-02-03T07:36:57Z" finished-at="2020-02-03T07:39:05Z">
    <groups>
    </groups>
    <test name="Test" duration-ms="128170" started-at="2020-02-03T07:36:57Z" finished-at="2020-02-03T07:39:05Z">
      <class name="com.automation.tests.LoginTest">
        <test-method status="PASS" signature="openbrowser()[pri:0, instance:com.automation.tests.LoginTest@29774679]" name="openbrowser" is-config="true" duration-ms="107603" started-at="2020-02-03T13:06:57Z" finished-at="2020-02-03T13:08:44Z">
          <reporter-output>
          </reporter-output>
        </test-method> <!-- openbrowser -->
        <test-method status="PASS" signature="loginandverify()[pri:0, instance:com.automation.tests.LoginTest@29774679]" name="loginandverify" duration-ms="20512" started-at="2020-02-03T13:08:44Z" finished-at="2020-02-03T13:09:05Z">
          <reporter-output>
          </reporter-output>
        </test-method> <!-- loginandverify -->
      </class> <!-- com.automation.tests.LoginTest -->
    </test> <!-- Test -->
  </suite> <!-- Suite -->
</testng-results>
